# JRE version: OpenJDK Runtime Environment (8.0_152-b06) (build 1.8.0_152-release-1136-b06)
# Java VM: OpenJDK 64-Bit Server VM (25.152-b06 mixed mode windows-amd64 compressed oops)
Heap:
 PSYoungGen      total 389120K, used 118316K [0x00000000e0000000, 0x00000000ffb80000, 0x0000000100000000)
  eden space 317440K, 27% used [0x00000000e0000000,0x00000000e5660ec8,0x00000000f3600000)
  from space 71680K, 41% used [0x00000000f3600000,0x00000000f532a3b0,0x00000000f7c00000)
  to   space 70656K, 0% used [0x00000000fb680000,0x00000000fb680000,0x00000000ffb80000)
 ParOldGen       total 224256K, used 184590K [0x00000000a0000000, 0x00000000adb00000, 0x00000000e0000000)
  object space 224256K, 82% used [0x00000000a0000000,0x00000000ab443948,0x00000000adb00000)
 Metaspace       used 129026K, capacity 138194K, committed 138444K, reserved 1169408K
  class space    used 16129K, capacity 17912K, committed 17920K, reserved 1048576K
GC Heap History (10 events):
Event: 3478.409 GC heap before
{Heap before GC invocations=39 (full 4):
 PSYoungGen      total 427008K, used 387603K [0x00000000e0000000, 0x00000000ff500000, 0x0000000100000000)
  eden space 350208K, 100% used [0x00000000e0000000,0x00000000f5600000,0x00000000f5600000)
  from space 76800K, 48% used [0x00000000faa00000,0x00000000fce84e08,0x00000000ff500000)
  to   space 81408K, 0% used [0x00000000f5600000,0x00000000f5600000,0x00000000fa580000)
 ParOldGen       total 224256K, used 173517K [0x00000000a0000000, 0x00000000adb00000, 0x00000000e0000000)
  object space 224256K, 77% used [0x00000000a0000000,0x00000000aa973650,0x00000000adb00000)
 Metaspace       used 127844K, capacity 136754K, committed 137036K, reserved 1169408K
  class space    used 16023K, capacity 17759K, committed 17792K, reserved 1048576K
Event: 3478.558 GC heap after
Heap after GC invocations=39 (full 4):
 PSYoungGen      total 391680K, used 53489K [0x00000000e0000000, 0x00000000fea00000, 0x0000000100000000)
  eden space 337920K, 0% used [0x00000000e0000000,0x00000000e0000000,0x00000000f4a00000)
  from space 53760K, 99% used [0x00000000f5600000,0x00000000f8a3c510,0x00000000f8a80000)
  to   space 81920K, 0% used [0x00000000f9a00000,0x00000000f9a00000,0x00000000fea00000)
 ParOldGen       total 224256K, used 173525K [0x00000000a0000000, 0x00000000adb00000, 0x00000000e0000000)
  object space 224256K, 77% used [0x00000000a0000000,0x00000000aa975650,0x00000000adb00000)
 Metaspace       used 127844K, capacity 136754K, committed 137036K, reserved 1169408K
  class space    used 16023K, capacity 17759K, committed 17792K, reserved 1048576K
}
Event: 3528.258 GC heap before
{Heap before GC invocations=40 (full 4):
 PSYoungGen      total 391680K, used 391409K [0x00000000e0000000, 0x00000000fea00000, 0x0000000100000000)
  eden space 337920K, 100% used [0x00000000e0000000,0x00000000f4a00000,0x00000000f4a00000)
  from space 53760K, 99% used [0x00000000f5600000,0x00000000f8a3c510,0x00000000f8a80000)
  to   space 81920K, 0% used [0x00000000f9a00000,0x00000000f9a00000,0x00000000fea00000)
 ParOldGen       total 224256K, used 173525K [0x00000000a0000000, 0x00000000adb00000, 0x00000000e0000000)
  object space 224256K, 77% used [0x00000000a0000000,0x00000000aa975650,0x00000000adb00000)
 Metaspace       used 128042K, capacity 136966K, committed 137036K, reserved 1169408K
  class space    used 16032K, capacity 17775K, committed 17792K, reserved 1048576K
Event: 3528.326 GC heap after
Heap after GC invocations=40 (full 4):
 PSYoungGen      total 388096K, used 41812K [0x00000000e0000000, 0x00000000fd680000, 0x0000000100000000)
  eden space 326144K, 0% used [0x00000000e0000000,0x00000000e0000000,0x00000000f3e80000)
  from space 61952K, 67% used [0x00000000f9a00000,0x00000000fc2d5130,0x00000000fd680000)
  to   space 77824K, 0% used [0x00000000f3e80000,0x00000000f3e80000,0x00000000f8a80000)
 ParOldGen       total 224256K, used 173525K [0x00000000a0000000, 0x00000000adb00000, 0x00000000e0000000)
  object space 224256K, 77% used [0x00000000a0000000,0x00000000aa975650,0x00000000adb00000)
 Metaspace       used 128042K, capacity 136966K, committed 137036K, reserved 1169408K
  class space    used 16032K, capacity 17775K, committed 17792K, reserved 1048576K
}
Event: 3534.627 GC heap before
{Heap before GC invocations=41 (full 4):
 PSYoungGen      total 388096K, used 367629K [0x00000000e0000000, 0x00000000fd680000, 0x0000000100000000)
  eden space 326144K, 99% used [0x00000000e0000000,0x00000000f3e2e698,0x00000000f3e80000)
  from space 61952K, 67% used [0x00000000f9a00000,0x00000000fc2d5130,0x00000000fd680000)
  to   space 77824K, 0% used [0x00000000f3e80000,0x00000000f3e80000,0x00000000f8a80000)
 ParOldGen       total 224256K, used 173525K [0x00000000a0000000, 0x00000000adb00000, 0x00000000e0000000)
  object space 224256K, 77% used [0x00000000a0000000,0x00000000aa975650,0x00000000adb00000)
 Metaspace       used 128584K, capacity 137614K, committed 137676K, reserved 1169408K
  class space    used 16095K, capacity 17859K, committed 17920K, reserved 1048576K
Event: 3534.682 GC heap after
Heap after GC invocations=41 (full 4):
 PSYoungGen      total 356864K, used 41898K [0x00000000e0000000, 0x00000000fc480000, 0x0000000100000000)
  eden space 314880K, 0% used [0x00000000e0000000,0x00000000e0000000,0x00000000f3380000)
  from space 41984K, 99% used [0x00000000f3e80000,0x00000000f676ab38,0x00000000f6780000)
  to   space 74240K, 0% used [0x00000000f7c00000,0x00000000f7c00000,0x00000000fc480000)
 ParOldGen       total 224256K, used 173533K [0x00000000a0000000, 0x00000000adb00000, 0x00000000e0000000)
  object space 224256K, 77% used [0x00000000a0000000,0x00000000aa977650,0x00000000adb00000)
 Metaspace       used 128584K, capacity 137614K, committed 137676K, reserved 1169408K
  class space    used 16095K, capacity 17859K, committed 17920K, reserved 1048576K
}
Event: 3534.745 GC heap before
{Heap before GC invocations=42 (full 4):
 PSYoungGen      total 356864K, used 356619K [0x00000000e0000000, 0x00000000fc480000, 0x0000000100000000)
  eden space 314880K, 99% used [0x00000000e0000000,0x00000000f3358430,0x00000000f3380000)
  from space 41984K, 99% used [0x00000000f3e80000,0x00000000f676ab38,0x00000000f6780000)
  to   space 74240K, 0% used [0x00000000f7c00000,0x00000000f7c00000,0x00000000fc480000)
 ParOldGen       total 224256K, used 173533K [0x00000000a0000000, 0x00000000adb00000, 0x00000000e0000000)
  object space 224256K, 77% used [0x00000000a0000000,0x00000000aa977650,0x00000000adb00000)
 Metaspace       used 128584K, capacity 137614K, committed 137676K, reserved 1169408K
  class space    used 16095K, capacity 17859K, committed 17920K, reserved 1048576K
Event: 3534.853 GC heap after
Heap after GC invocations=42 (full 4):
 PSYoungGen      total 391680K, used 39876K [0x00000000e0000000, 0x0000000100000000, 0x0000000100000000)
  eden space 317440K, 0% used [0x00000000e0000000,0x00000000e0000000,0x00000000f3600000)
  from space 74240K, 53% used [0x00000000f7c00000,0x00000000fa2f1188,0x00000000fc480000)
  to   space 71680K, 0% used [0x00000000f3600000,0x00000000f3600000,0x00000000f7c00000)
 ParOldGen       total 224256K, used 173661K [0x00000000a0000000, 0x00000000adb00000, 0x00000000e0000000)
  object space 224256K, 77% used [0x00000000a0000000,0x00000000aa997660,0x00000000adb00000)
 Metaspace       used 128584K, capacity 137614K, committed 137676K, reserved 1169408K
  class space    used 16095K, capacity 17859K, committed 17920K, reserved 1048576K
}
Event: 3538.187 GC heap before
{Heap before GC invocations=43 (full 4):
 PSYoungGen      total 391680K, used 357316K [0x00000000e0000000, 0x0000000100000000, 0x0000000100000000)
  eden space 317440K, 100% used [0x00000000e0000000,0x00000000f3600000,0x00000000f3600000)
  from space 74240K, 53% used [0x00000000f7c00000,0x00000000fa2f1188,0x00000000fc480000)
  to   space 71680K, 0% used [0x00000000f3600000,0x00000000f3600000,0x00000000f7c00000)
 ParOldGen       total 224256K, used 173661K [0x00000000a0000000, 0x00000000adb00000, 0x00000000e0000000)
  object space 224256K, 77% used [0x00000000a0000000,0x00000000aa997660,0x00000000adb00000)
 Metaspace       used 128686K, capacity 137830K, committed 137932K, reserved 1169408K
  class space    used 16111K, capacity 17877K, committed 17920K, reserved 1048576K
Event: 3538.244 GC heap after
Heap after GC invocations=43 (full 4):
 PSYoungGen      total 389120K, used 29864K [0x00000000e0000000, 0x00000000ffb80000, 0x0000000100000000)
  eden space 317440K, 0% used [0x00000000e0000000,0x00000000e0000000,0x00000000f3600000)
  from space 71680K, 41% used [0x00000000f3600000,0x00000000f532a3b0,0x00000000f7c00000)
  to   space 70656K, 0% used [0x00000000fb680000,0x00000000fb680000,0x00000000ffb80000)
 ParOldGen       total 224256K, used 184590K [0x00000000a0000000, 0x00000000adb00000, 0x00000000e0000000)
  object space 224256K, 82% used [0x00000000a0000000,0x00000000ab443948,0x00000000adb00000)
 Metaspace       used 128686K, capacity 137830K, committed 137932K, reserved 1169408K
  class space    used 16111K, capacity 17877K, committed 17920K, reserved 1048576K
}

